0 info it worked if it ends with ok
1 verbose cli [ 'C:\\Program Files\\nodejs\\node.exe',
1 verbose cli   'C:\\Program Files\\nodejs\\node_modules\\npm\\bin\\npm-cli.js',
1 verbose cli   'start' ]
2 info using npm@3.10.9
3 info using node@v6.9.2
4 verbose run-script [ 'prestart', 'start', 'poststart' ]
5 info lifecycle node-chat@1.0.7~prestart: node-chat@1.0.7
6 silly lifecycle node-chat@1.0.7~prestart: no script for prestart, continuing
7 info lifecycle node-chat@1.0.7~start: node-chat@1.0.7
8 verbose lifecycle node-chat@1.0.7~start: unsafe-perm in lifecycle true
9 verbose lifecycle node-chat@1.0.7~start: PATH: C:\Program Files\nodejs\node_modules\npm\bin\node-gyp-bin;C:\Users\samet\Desktop\node-chat-master\node_modules\.bin;C:\ProgramData\Oracle\Java\javapath;C:\Windows\system32;C:\Windows;C:\Windows\System32\Wbem;C:\Windows\System32\WindowsPowerShell\v1.0\;C:\Program Files (x86)\GtkSharp\2.12\bin;C:\Program Files (x86)\NVIDIA Corporation\PhysX\Common;C:\Program Files (x86)\Intel\OpenCL SDK\3.0\bin\x86;C:\Program Files (x86)\Intel\OpenCL SDK\3.0\bin\x64;C:\Program Files (x86)\PuTTY\;C:\PROGRA~2\PICC;C:\Windows\system32\config\systemprofile\.dnx\bin;C:\Program Files\Microsoft DNX\Dnvm\;C:\Program Files\Microsoft SQL Server\120\Tools\Binn\;C:\Program Files\Microsoft SQL Server\130\Tools\Binn\;C:\Program Files (x86)\Windows Kits\10\Windows Performance Toolkit\;C:\Program Files\nodejs\;C:\Program Files (x86)\GNU Tools ARM Embedded\5.4 2016q2\bin;C:\RailsInstaller\Git\cmd;C:\RailsInstaller\Ruby2.2.0\bin;C:\Users\samet\AppData\Local\Microsoft\WindowsApps;C:\Users\samet\AppData\Roaming\npm
10 verbose lifecycle node-chat@1.0.7~start: CWD: C:\Users\samet\Desktop\node-chat-master
11 silly lifecycle node-chat@1.0.7~start: Args: [ '/d /s /c', 'node app.js' ]
12 silly lifecycle node-chat@1.0.7~start: Returned: code: 1  signal: null
13 info lifecycle node-chat@1.0.7~start: Failed to exec start script
14 verbose stack Error: node-chat@1.0.7 start: `node app.js`
14 verbose stack Exit status 1
14 verbose stack     at EventEmitter.<anonymous> (C:\Program Files\nodejs\node_modules\npm\lib\utils\lifecycle.js:255:16)
14 verbose stack     at emitTwo (events.js:106:13)
14 verbose stack     at EventEmitter.emit (events.js:191:7)
14 verbose stack     at ChildProcess.<anonymous> (C:\Program Files\nodejs\node_modules\npm\lib\utils\spawn.js:40:14)
14 verbose stack     at emitTwo (events.js:106:13)
14 verbose stack     at ChildProcess.emit (events.js:191:7)
14 verbose stack     at maybeClose (internal/child_process.js:877:16)
14 verbose stack     at Process.ChildProcess._handle.onexit (internal/child_process.js:226:5)
15 verbose pkgid node-chat@1.0.7
16 verbose cwd C:\Users\samet\Desktop\node-chat-master
17 error Windows_NT 10.0.14393
18 error argv "C:\\Program Files\\nodejs\\node.exe" "C:\\Program Files\\nodejs\\node_modules\\npm\\bin\\npm-cli.js" "start"
19 error node v6.9.2
20 error npm  v3.10.9
21 error code ELIFECYCLE
22 error node-chat@1.0.7 start: `node app.js`
22 error Exit status 1
23 error Failed at the node-chat@1.0.7 start script 'node app.js'.
23 error Make sure you have the latest version of node.js and npm installed.
23 error If you do, this is most likely a problem with the node-chat package,
23 error not with npm itself.
23 error Tell the author that this fails on your system:
23 error     node app.js
23 error You can get information on how to open an issue for this project with:
23 error     npm bugs node-chat
23 error Or if that isn't available, you can get their info via:
23 error     npm owner ls node-chat
23 error There is likely additional logging output above.
24 verbose exit [ 1, true ]
